<?xml version="1.0" encoding="UTF-8"?>
<testng-results skipped="0" failed="0" ignored="0" total="1" passed="1">
  <reporter-output>
  </reporter-output>
  <suite name="Craftsvilla" duration-ms="9566" started-at="2018-09-08T15:43:21Z" finished-at="2018-09-08T15:43:31Z">
    <groups>
    </groups>
    <test name="Regression" duration-ms="9566" started-at="2018-09-08T15:43:21Z" finished-at="2018-09-08T15:43:31Z">
      <class name="com.Craftsvilla.Testscrips.SignUpScripts">
        <test-method status="PASS" signature="openApp(java.lang.String)[pri:0, instance:com.Craftsvilla.Testscrips.SignUpScripts@7a765367]" name="openApp" is-config="true" duration-ms="8945" started-at="2018-09-08T15:43:21Z" finished-at="2018-09-08T15:43:30Z">
          <params>
            <param index="0">
              <value>
                <![CDATA[Chrome]]>
              </value>
            </param>
          </params>
          <reporter-output>
          </reporter-output>
        </test-method> <!-- openApp -->
        <test-method status="PASS" signature="signUp()[pri:0, instance:com.Craftsvilla.Testscrips.SignUpScripts@7a765367]" name="signUp" duration-ms="588" started-at="2018-09-08T15:43:30Z" finished-at="2018-09-08T15:43:31Z">
          <reporter-output>
          </reporter-output>
        </test-method> <!-- signUp -->
      </class> <!-- com.Craftsvilla.Testscrips.SignUpScripts -->
    </test> <!-- Regression -->
  </suite> <!-- Craftsvilla -->
</testng-results>
